[06/08/2025 02:10:31 AM EST] INFO: Regular log message without footer
[06/08/2025 02:10:31 AM EST] INFO: ================================================================================
[06/08/2025 02:10:31 AM EST] INFO:                     COMPLETION SUMMARY
[06/08/2025 02:10:31 AM EST] INFO: ================================================================================
[06/08/2025 02:10:31 AM EST] INFO: Completion Status: STEP 1 - FETCH COMPLETED SUCCESSFULLY - 06/07/2025 10:10:31 PM EST
[06/08/2025 02:10:31 AM EST] INFO: Daily Match Number: 45
[06/08/2025 02:10:31 AM EST] INFO: Total Matches Fetched: 22 matches (ALL status IDs from Step 1 live endpoint)
[06/08/2025 02:10:31 AM EST] INFO: In-Play Matches: 14 (status IDs 2–7)
[06/08/2025 02:10:31 AM EST] INFO: Other Status Matches: 8 (status IDs 0,1,8,9,10,11,12,13)
[06/08/2025 02:10:31 AM EST] INFO: Step 1 Execution Time: 5.40 seconds
[06/08/2025 02:10:31 AM EST] INFO: Total Pipeline Time: 5.40 seconds
[06/08/2025 02:10:31 AM EST] INFO: ================================================================================
[06/08/2025 02:10:41 AM EST] INFO: Regular log message without footer
[06/08/2025 02:10:41 AM EST] INFO: ================================================================================
[06/08/2025 02:10:41 AM EST] INFO:                     COMPLETION SUMMARY
[06/08/2025 02:10:41 AM EST] INFO: ================================================================================
[06/08/2025 02:10:41 AM EST] INFO: Completion Status: STEP 1 - FETCH COMPLETED SUCCESSFULLY - 06/07/2025 10:10:41 PM EST
[06/08/2025 02:10:41 AM EST] INFO: Daily Match Number: 45
[06/08/2025 02:10:41 AM EST] INFO: Total Matches Fetched: 22 matches (ALL status IDs from Step 1 live endpoint)
[06/08/2025 02:10:41 AM EST] INFO: In-Play Matches: 14 (status IDs 2–7)
[06/08/2025 02:10:41 AM EST] INFO: Other Status Matches: 8 (status IDs 0,1,8,9,10,11,12,13)
[06/08/2025 02:10:41 AM EST] INFO: Step 1 Execution Time: 5.40 seconds
[06/08/2025 02:10:41 AM EST] INFO: Total Pipeline Time: 5.40 seconds
[06/08/2025 02:10:41 AM EST] INFO: ================================================================================
[06/08/2025 02:10:41 AM EST] INFO: Regular log message without footer
[06/08/2025 02:10:41 AM EST] INFO: {
  "completion_status": "STEP 1 - FETCH COMPLETED SUCCESSFULLY - 06/07/2025 10:10:41 PM EST",
  "daily_match_number": 45,
  "total_matches_fetched_all_statuses": "22 matches (ALL status IDs from Step 1 live endpoint)",
  "in_play_matches": "14 (status IDs 2\u20137)",
  "other_status_matches": "8 (status IDs 0,1,8,9,10,11,12,13)",
  "step1_execution_time": "5.40 seconds",
  "total_pipeline_time": "5.40 seconds"
}
